[    0.000000] Linux version 4.15.0-88-generic (buildd@lgw01-amd64-036) (gcc version 7.4.0 (Ubuntu 7.4.0-1ubuntu1~18.04.1)) #88-Ubuntu SMP Tue Feb 11 20:11:34 UTC 2020 (Ubuntu 4.15.0-88.88-generic 4.15.18)
[    0.000000] Command line: BOOT_IMAGE=/boot/vmlinuz-4.15.0-88-generic root=UUID=9bde6446-d21d-4de6-a6ef-ff0d0b8c04c0 ro console=tty1 console=ttyS0
[    0.000000] KERNEL upported cpus:
[    0.000000]   Intel GenuineIntel
[    0.000000]   AMD AuthenticAMD
[    0.000000]   Centaur CentaurHauls
[    0.00000 x86/fpu: Supporting XSAVE feature 0x001: 'x87 floating point registers'
[    0.000000] x86/fpu: Supporting XSAVE feature 0x002: 'SSE registers'
[    0.000000] x86/fpu: Supporting XSAVE feature 0x004: 'AVX registers'
[    0.000000] x86/fpu: xstate_offset[2]:  576, xstate_sizes[2]:  256
[    0.000000] x86/fpu: Enabled xstate features 0x7, context size is 832 bytes, using 'standard' format.
[    0.000000] e820: BIOS-provided physical RAM map:
[    0.000000] BIOS-e820: [mem 0x0000000000000000-0x000000000009fbff] usable
[    0.000000] BIOS-e820: [mem 0x000000000009fc00-0x000000000009ffff] reserved
[    0.000000] BIOS-e820: [mem 0x00000000000f0000-0x00000000000fffff] reserved
[    0.000000] BIOS-e820: [mem 0x0000000000100000-0x000000003ffeffff] usable
[    0.000000] BIOS-e820 [mem 0x000000003fff0000-0x000000003fffffff] ACPI data
[    0.000000] BIOS-e820: [mem 0x00000000fec00000-0x00000000fec00fff] reserved
[    0.000000] BIOS-e820: [mem 0x00000000fee00000-0x00000000fee00fff] reserved
[    0.000000] BIOS-e820: [mem 0x00000000fffc0000-0x00000000ffffffff] reserved
[    0.000000] NX (Execute Disable) protection: active
[    0.000000] SMBIOS 2.5 present.
[    0.000000] DMI: innotek GmbH VirtualBox/VirtualBox, BIOS VirtualBox 12/01/2006
[    0.000000] Hypervisor detected: KVM
[    0.000000] e820: last_pfn = 0x3fff0 max_arch_pfn = 0x400000000
[    0.000000] MTRR: Disabled
[    0.000000] x86/PAT: MTRRs disabled, skipping PAT initialization too.
[    0.000000] CPU MTRRs all blank - virtualized system.
[    0.000000] x86/PAT: Configuration [0-7]: WB  WT  UC- UC  WB  WT  UC- UC  
[    0.000000] found SMP MP-table at [mem 0x0009fff0-0x0009ffff]
[    0.000000] Scanning 1 areas for ow memory corruption
[    0.000000] RAMDISK: [mem 0x31189000-0x348bbfff]
[    0.000000] ACPI: Early table checksum verification disabled
[    0.000000] ACPI: RSDP 0x00000000000E0000 000024 (v02 VBOX  )
[    0.000000] ACPI: XSDT 0x000000003FFF0030 00003C (v01 VBOX   VBOXXSDT 00000001 ASL  00000061)
[    0.000000] ACPI: FACP 0x000000003FFF00F0 0000F4 (v04 VBOX   VBOXFACP 00000001 ASL  00000061)
[    0.000000] ACPI: DSDT 0x000000003FFF0470 0021FF (v02 VBOX   VBOXBIOS 00000002 INTL 20180105)
[    0.000000] ACPI: FACS 0x000000003FFF0200 000040
[    0.000000] ACPI: FACS 0x000000003FFF0200 000040
[    0.000000] ACPI: APIC 0x000000003FFF0240 00005C (v02 VBOX   VBOXAPIC 00000001 ASL  00000061)
[    0.000000] ACPI: SSDT 0x000000003FFF02A0 0001CC (v01 VBOX   VBOXCPUT 00000002 INTL 20180105)
[    0.000000] No NUMA configuration found
[    0.000000] Faking a node at [mem 0x0000000000000000-0x000000003ffeffff]
[    0.000000] NODE_DATA(0) allocated [mem 0x3ffc5000-0x3ffeffff]
[    0.000000] kvm-clock: cpu 0, msr 0:3ff44001, primary cpu clock
[    0.000000] kvm-clock: Using msrs 4b564d01 and 4b564d00
[    0.000000] kvm-clock: using sched offset of 6050298235 cycles
[    0.000000] clocksource: kvm-clock: mask: 0xffffffffffffffff max_cycles: 0x1cd42e4dffb, max_idle_ns: 881590591483 ns
[    0.000000] Zone ranges:
[    0.000000]   DMA      [mem 0x0000000000001000-0x0000000000ffffff]
[    0.000000]   DMA32    [mem 0x0000000001000000-0x000000003ffeffff]
[    0.000000]   Normal   empty
[    0.000000]   Device   empty
[    0.000000] Movable zone start for each node
[    0.000000] Early memory node ranges
[    0.000000]   node   0: [mem 0x0000000000001000-0x000000000009efff]
[    0.000000]   node   0: [mem 0x0000000000100000-0x000000003ffeffff]
[    0.000000] Reserved but unavailable: 98 pages
[    0.000000] Initmem setup node 0 [mem 0x0000000000001000-0x000000003ffeffff]
[    0.000000] ACPI: PM-Timer IO Port: 0x4008
[   0.000000] IOAPIC[0]: apic_id 2, version 32, address 0xfec00000, GSI 0-23
[    0.000000] ACPI: INT_SRC_OVR (bus 0 bus_irq 0 global_irq 2 dfl dfl)
[    0.000000] ACPI: INT_SRC_OVR (bus 0 bus_irq 9 global_irq 9 low level)
[    0.000000] Using ACPI (MADT) for SMP configuration information
[    0.000000] smpboot: Allowing 2 CPUs, 0 hotplug CPUs
[    0.000000] PM: Registered nosave memory: [mem 0x00000000-0x00000fff]
[    0.000000] PM: Registered nosave memory: [mem 0x0009f000-0x0009ffff]
[    0.000000] PM: Registered nosave memory: [mem 0x000a0000-0x000effff]
[    0.000000] PM: Registered nosave memory: [mem 0x000f0000-0x000fffff]
[    0.000000] e820: [mem 0x40000000-0xfebfffff] available for PCI devices
[    0.000000] Booting paravirtualized kernel on KVM
[    0.000000] clocksource: refined-jiffies: mask: 0xffffffff max_cycles: 0xffffffff, max_idle_ns: 7645519600211568 ns
[    0.000000] random: get_random_bytes called from start_kernel+0x99/0x4fd with crng_init=0
[    0.000000] setup_percpu: NR_CPUS:8192 nr_cpumask_bits:2 nr_cpu_ids:2 nr_node_ids:1
[    0.000000] percpu: Embedded 45 pages/cpu s147456 r8192 d28672 u1048576
[    0.000000] PV qspinlock hash table entries: 256 (order: 0, 4096 bytes)
[    0.000000] Built 1 zonelists, mobility grouping on.  Total pages: 257913
[    0.000000] Policy zone: DMA32
[    0.000000] Kernel command line: BOOT_IMAGE=/boot/vmlinuz-4.15.0-88-generic root=UUID=9bde6446-d21d-4de6-a6ef-ff0d0b8c04c0 ro console=tty1 console=ttyS0
[    0.000000] Memory: 945748K/1048120K available (12300K kernel code, 2481K rwdata, 4264K rodata, 2428K init, 2712K bss, 102372K reserved, 0K cma-reserved)
[    0.000000] SLUB: HWalign=64, Order=0-3, MinObjects=0, CPUs=2, Nodes=1
[    0.000000] Kernel/User page tables isolation: enabled
[    0.000000] ftrace: allocating 39344 entries in 154 pages
[    0.004000] Hierarchical RCU implementation.
[    0.004000] 	RCU restricting CPUs from NR_CPUS=8192 to nr_cpu_ids=2.
[    0.004000] 	Tasks RCU enabled.
[    0.004000] RCU: Adjusting geometry for rcu_fanout_leaf=16, nr_cpu_ids=2
[    0.004000] NR_IRQS: 524544, nr_irqs: 440, preallocated irqs: 16
[    0.004000] Console: colour VGA+ 80x25
[    0.004000] console [tty1] enabled
[    0.004000] console [ttyS0] enabled
[    0.004000] ACPI: Core revision 20170831
[    0.004000] ACPI: 2 ACPI AML tables successfully acquired and loaded
[    0.004000] APIC: Switch to symmetric I/O mode setup
[    0.004290] x2apic enabled
[    0.005212] Switched APIC routing to physical x2apic.
[    0.007840] ..TIMER: vector=0x30 apic1=0 pin1=2 apic2=-1 pin2=-1
[    0.008006] tsc: Detected 2196.820 MHz processor
[    0.009009] Calibrating delay loop (skipped) preset value.. 4393.64 BogoMIPS (lpj=8787280)
[    0.012004] pid_max: default: 32768 minimum: 301
[    0.012880] Security Framework initialized
[    0.013602] Yama: becoming mindful.
[    0.014254] AppArmor: AppArmor initialized
[    0.015132] Dentry cache hash table entries: 131072 (order: 8, 1048576 bytes)
[    0.016076] Inode-cache hash table entries: 65536 (order: 7, 524288 bytes)
[    0.017259] Mount-cache hash table entries: 2048 (order: 2, 16384 bytes)
[    0.018424] Mountpoint-cache hash table entries: 2048 (order: 2, 16384 bytes)
[    0.020285] Last level iTLB entries: 4KB 64, 2MB 8, 4MB 8
[    0.021464] Last level dTLB entries: 4KB 64, 2MB 0, 4MB 0, 1GB 4
[    0.022761] Spectre V1 : Mitigation: usercopy/swapgs barriers and __user pointer sanitization
[    0.024007] Spectre V2 : Mitigation: Full generic retpoline
[    0.025087] Spectre V2 : Spectre v2 / SpectreRSB mitigation: Filling RSB on context switch
[    0.028006] Speculative Store Bypass: Vulnerable
[    0.032052] MDS: Mitigation: Clear CPU buffers
[    0.036167] Freeing SMP alternatives memory: 36K
[    0.148523] smpboot: CPU0: Intel(R) Core(TM) i5-5200U CPU @ 2.20GHz (family: 0x6, model: 0x3d, stepping: 0x4)
[    0.152104] Performance Events: unsupported p6 CPU model 61 no PMU driver, software events only.
[    0.156051] Hierarchical SRCU implementation.
[    0.157750] NMI watchdog: Perf event create on CPU 0 failed with -2
[    0.160029] NMI watchdog: Perf NMI watchdog permanently disabled
[    0.164153] smp: Bringing up secondary CPUs ...
[    0.168737] x86: Booting SMP configuration:
[    0.172009] .... node  #0, CPUs:      #1
[    0.004000] kvm-clock: cpu 1, msr 0:3ff44041, secondary cpu clock
[    0.204044] smp: Brought up 1 node, 2 CPUs
[    0.208030] smpboot: Max logical packages: 1
[    0.212054] smpboot: Total of 2 processors activated (8787.28 BogoMIPS)
[    0.216719] devtmpfs: initialized
[    0.220116] x86/mm: Memory block size: 128MB
[    0.224078] evm: security.selinux
[    0.226456] evm: security.SMACK64
[    0.227684] evm: security.SMACK64EXEC
[    0.228011] evm: security.SMACK64TRANSMUTE
[    0.232008] evm: security.SMACK64MMAP
[    0.236013] evm: security.apparmor
[    0.240009] evm: security.ima
[    0.244009] evm: security.capability
[    0.248198] clocksource: jiffies: mask: 0xffffffff max_cycles: 0xffffffff, max_idle_ns: 7645041785100000 ns
[    0.252024] futex hash table entries: 512 (order: 3, 32768 bytes)
[    0.256658] pinctrl core: initialized pinctrl subsystem
[    0.257868] RTC time: 16:48:23, date: 02/29/20
[    0.260205] NET: Registered protocol family 16
[    0.264163] audit: initializing netlink subsys (disabled)
[    0.272010] audit: type=2000 audit(1582994910.418:1): state=initialized audit_enabled=0 res=1
[    0.288014] cpuidle: using governor ladder
[    0.289036] cpuidle: using governor menu
[    0.292072] ACPI: bus type PCI registered
[    0.292944] acpiphp: ACPI Hot Plug PCI Controller Driver version: 0.5
[    0.294339] PCI: Using configuration type 1 for base access
[    0.297008] HugeTLB registered 2.00 MiB page size, pre-allocated 0 pages
[    0.297691] ACPI: Added _OSI(Module Device)
[    0.300011] ACPI: Added _OSI(Processor Device)
[    0.304016] ACPI: Added _OSI(3.0 _SCP Extensions)
[    0.308031] ACPI: Added _OSI(Processor Aggregator Device)
[    0.312006] ACPI: Added _OSI(Linux-Dell-Video)
[    0.312957] ACPI: Added _OSI(Linux-Lenovo-NV-HDMI-Audio)
[    0.314111] ACPI: Added _OSI(Linux-HPI-Hybrid-Graphics)
[    0.316398] ACPI: Executed 1 blocks of module-level executable AML code
[    0.323807] ACPI: Interpreter enabled
[    0.324029] ACPI: (supports S0 S5)
[    0.324712] ACPI: Using IOAPIC for interrupt routing
[    0.325857] PCI: Using host bridge windows from ACPI; if necessary, use "pci=nocrs" and report a bug
[    0.328222] ACPI: Enabled 2 GPEs in block 00 to 07
[    0.343251] ACPI: PCI Root Bridge [PCI0] (domain 0000 [bus 00-ff])
[    0.344020] acpi PNP0A03:00: _OSC: OS supports [ASPM ClockPM Segments MSI]
[    0.348059] acpi PNP0A03:00: _OSC: not requesting OS control; OS requires [ExtendedConfig ASPM ClockPM MSI]
[    0.350161] acpi PNP0A03:00: fail to add MMCONFIG information, can't access extended PCI configuration space under this bridge.
[    0.352423] PCI host bridge to bus 0000:00
[    0.353231] pci_bus 0000:00: root bus resource [io  0x0000-0x0cf7 window]
[    0.356013] pci_bus 0000:00: root bus resource [io  0x0d00-0xffff window]
[    0.357361] pci_bus 0000:00: root bus resource [mem 0x000a0000-0x000bffff window]
[    0.358670] pci_bus 0000:00: root bus resource [mem 0x40000000-0xfdffffff window]
[    0.360010] pci_bus 0000:00: root bus resource [bus 00-ff]
[    0.364894] pci 0000:00:01.1: legacy IDE quirk: reg 0x10: [io  0x01f0-0x01f7]
[    0.366335] pci 0000:00:01.1: legacy IDE quirk: reg 0x14: [io  0x03f6]
[    0.367748] pci 0000:00:01.1: legacy IDE quirk: reg 0x18: [io  0x0170-0x0177]
[    0.368008] pci 0000:00:01.1: legacy IDE quirk: reg 0x1c: [io  0x0376]
[    0.393999] pci 0000:00:07.0: quirk: [io  0x4000-0x403f] claimed by PIIX4 ACPI
[    0.396017] pci 0000:00:07.0: quirk: [io  0x4100-0x410f] claimed by PIIX4 SMB
[    0.421638] ACPI: PCI Interrupt Link [LNKA] (IRQs 5 9 10 *11)
[    0.423187] ACPI: PCI Interrupt Link [LNKB] (IRQs 5 9 *10 11)
[    0.424168] ACPI: PCI Interrupt Link [LNKC] (IRQs 5 *9 10 11)
[    0.425296] ACPI: PCI Interrupt Link [LNKD] (IRQs 5 9 10 *11)
[    0.428473] SCSI subsystem initialized
[    0.429375] pci 0000:00:02.0: vgaarb: setting as boot VGA device
[    0.429375] pci 0000:00:02.0: vgaarb: VGA device added: decodes=io+mem,owns=io+mem,locks=none
[    0.432025] pci 0000:00:02.0: vgaarb: bridge control possible
[    0.436021] vgaarb: loaded
[    0.436606] ACPI: bus type USB registered
[    0.437342] usbcore: registered new interface driver usbfs
[    0.438325] usbcore: registered new interface driver hub
[    0.439271] usbcore: registered new device driver usb
[    0.440107] EDAC MC: Ver: 3.0.0
[    0.440868] PCI: Using ACPI for IRQ routing
[    0.441244] NetLabel: Initializing
[    0.441872] NetLabel:  domain hash size = 128
[    0.444004] NetLabel:  protocols = UNLABELED CIPSOv4 CALIPSO
[    0.444970] NetLabel:  unlabeled traffic allowed by default
[    0.446277] clocksource: Switched to clocksource kvm-clock
[    0.459882] VFS: Disk quotas dquot_6.6.0
[    0.460841] VFS: Dquot-cache hash table entries: 512 (order 0, 4096 bytes)
[   0.463284] AppArmor: AppArmor Filesystem Enabled
[    0.489292] pnp: PnP ACPI init
[    0.490956] pnp: PnP ACPI: found 3 devices

[    0.501908] clocksource: acpi_pm: mask: 0xffffff max_cycles: 0xffffff, max_idle_ns: 2085701024 ns
[    0.503813] NET: Registered protocol family 2
[    0.504995] TCP established hash table entries: 8192 (order: 4, 65536 bytes)
[    05183] CPbind hash bl entres 819 (rdr:5,131072 bte)
[  09434] CP Hash tables configured (established 8192 bind 8192)
[    1.116171] UDP hash table entries: 512 (order: 2, 16384 bytes)
[    1.117416] UDP-Lite hash table entries: 512 (order: 2, 16384 bytes)
[    1.118838] NET: Registered protocol family 1
[    1.119818] pci 0000:00:00.0: Limiting direct PCI/PCI transfers
[    1.121126] pci 0000:00:01.0: Activating ISA DMA hang workarounds
[    1.22453] pci 0000:00:02.0: Video device with shadowed ROM at [mem 0x000c0000-0x000dffff]
[    1.171808] Unpacking initramfs...
[    2.075714] Freeing initrd memory: 56524K
[    2.082296] clocksource: tsc: mask: 0xffffffffffffffff max_cycles: 0x1faa76ccc4f, max_idle_ns: 440795209137 ns
[    2.084425] platform rtc_cmos: registered platform RTC device (no PNP device found)
[    2.085767] Scanning for low memory corruption every 60 seconds
[    2.097634] Initialise system trusted keyrings
[    2.098450] Key type blacklist registered
[    2.099686] workingset: timestamp_bits=36 max_order=18 bucket_order=0
[    2.118069] zbud: loaded
[    2.126515] squashfs: version 4.0 (2009/01/31) Phillip Lougher
[    2.127841] fuse init (API version 7.26)
[    2.131638] Key type asymmetric registered
[    2.133558] Asymmetric key parser 'x509' registered
[    2.134603] Block layer SCSI generic (bsg) driver version 0.4 loaded (major 246)
[    2.136353] io scheduler noop registered
[    2.137232] io scheduler deadline registered
[    2.138281] io scheduler cfq registered (default)
[    2.147061] ACPI: AC Adapter [AC] (on-line)
[    2.147918] input: Power Button as /devices/LNXSYSTM:00/LNXPWRBN:00/input/input0
[    2.149705] ACPI: Power Button [PWRF]
[    2.150626] input: Sleep Button as /devices/LNXSYSTM:00/LNXSLPBN:00/input/input1
[    2.152508] ACPI: Sleep Button [SLPF]
[    2.168939] ACPI: Battery Slot [BAT0] (battery present)
[    2.170012] Serial: 8250/16550 driver, 32 ports, IRQ sharing enabled
[    2.195529] 00:02: ttyS0 at I/O 0x3f8 (irq = 4, base_baud = 115200) is a 16550A
[    2.201208] Linux agpgart interface v0.103
[    2.207133] loop: module loaded
[    2.208407] scsi host0: ata_piix
[    2.209167] scsi host1: ata_piix
[    2.209798] ata1: PATA max UDMA/33 cmd 0x1f0 ctl 0x3f6 bmdma 0xd000 irq 14
[    2.210967] ata2: PATA max UDMA/33 cmd 0x170 ctl 0x376 bmdma 0xd008 irq 15
[    2.213947] libphy: Fixed MDIO Bus: probed
[    2.216013] tun: Universal TUN/TAP device driver, 1.6
[    2.238229] PPP generic driver version 2.4.2
[    2.239167] ehci_hcd: USB 2.0 'Enhanced' Host Controller (EHCI) Driver
[    2.253946] ehci-pci: EHCI PCI platform driver
[    2.255117] ehci-platform: EHCI generic platform driver
[    2.256438] ohci_hcd: USB 1.1 'Open' Host Controller (OHCI) Driver
[    2.257772] ohci-pci: OHCI PCI platform driver
[    2.258797] ohci-platform: OHCI generic platform driver
[    2.259915] uhci_hcd: USB Universal Host Controller Interface driver
[    2.269271] i8042: PNP: PS/2 Controller [PNP0303:PS2K,PNP0f03:PS2M] at 0x60,0x64 irq 1,12
[    2.276823] serio: i8042 KBD port at 0x60,0x64 irq 1
[    2.283390] serio: i8042 AUX port at 0x60,0x64 irq 12
[    2.284614] mousedev: PS/2 mouse device common for all mice
[    2.286345] input: AT Translated Set 2 keyboard as /devices/platform/i8042/serio0/input/input2
[    2.288417] rtc_cmos rtc_cmos: rtc core: registered rtc_cmos as rtc0
[    2.289849] rtc_cmos rtc_cmos: alarms up to one day, 114 bytes nvram
[    2.297767] i2c /dev entries driver
[    2.310325] device-mapper: uevent: version 1.0.3
[    2.326210] device-mapper: ioctl: 4.37.0-ioctl (2017-09-20) initialised: dm-devel@redhat.com
[    2.340824] ledtrig-cpu: registered to indicate activity on CPUs
[    2.354663] NET: Registered protocol family 10
[    2.361107] Segment Routing with IPv6
[    2.367350] NET: Registered protocol family 17
[    2.368352] Key type dns_resolver registered
[    2.369348] mce: Using 0 MCE banks
[    2.369977] RAS: Correctable Errors collector initialized.
[    2.370939] sched_clock: Marking stable (2369315937, 0)->(3413252910, -1043936973)
[    2.372894] registered taskstats version 1
[    2.373623] Loading compiled-in X.509 certificates
[    2.379123] Loaded X.509 cert 'Build time autogenerated kernel key: f0020782f0d3a548186fb3f47aed88387a71e859'
[    2.386095] zswap: loaded using pool lzo/zbud
[    2.413322] Key type big_key registered
[    2.416238] Key type trusted registered
[    2.419118] Key type encrypted registered
[    2.419902] AppArmor: AppArmor sha1 policy hashing enabled
[    2.420852] ima: No TPM chip found, activating TPM-bypass! (rc=-19)
[    2.421899] ima: Allocated hash algorithm: sha1
[    2.422935] evm: HMAC attrs: 0x1
[    2.423830]   Magic number: 8:639:844
[    2.424703] rtc_cmos rtc_cmos: setting system clock to 2020-02-29 16:48:25 UTC (1582994905)
[    2.438811] BIOS EDD facility v0.16 2004-Jun-25, 0 devices found
[    2.439988] EDD information not available.
[    2.443623] Freeing unused kernel image memory: 2428K
[    2.468299] Write protecting the kernel read-only data: 20480k
[    2.470624] Freeing unused kernel image memory: 2008K
[    2.473248] Freeing unused kernel image memory: 1880K
[    2.485553] x86/mm: Checked W+X mappings: passed, no W+X pages found.
[    2.487028] x86/mm: Checking user space page tables
[    2.496339] x86/mm: Checked W+X mappings: passed, no W+X pages found.
Loading, please wait...
starting version 237
[    2.576499] ACPI: Video Device [GFX0] (multi-head: yes  rom: no  post: no)
[    2.578414] input: Video Bus as /devices/LNXSYSTM:00/LNXSYBUS:00/PNP0A03:00/LNXVIDEO:00/input/input4
[    2.598982] piix4_smbus 0000:00:07.0: SMBus Host Controller at 0x4100, revision 0
[    2.627589] e1000: Intel(R) PRO/1000 Network Driver - version 7.3.21-k8-NAPI
[    2.640171] e1000: Copyright (c) 1999-2006 Intel Corporation.
[    2.666384] Fusion MPT base driver 3.04.20
[    2.692295] Copyright (c) 1999-2008 LSI Corporation
[    2.751445] AVX2 version of gcm_enc/dec engaged.
[    2.768754] AES CTR mode by8 optimization enabled
[    2.779791] Fusion MPT SPI Host driver 3.04.20
[    2.869799] input: ImExPS/2 Generic Explorer Mouse as /devices/platform/i8042/serio1/input/input5
[    3.121585] e1000 0000:00:03.0 eth0: (PCI:33MHz:32-bit) 02:28:e8:e3:81:d2
[    3.123333] e1000 0000:00:03.0 eth0: Intel(R) PRO/1000 Network Connection
[    3.579444] e1000 0000:00:08.0 eth1: (PCI:33MHz:32-bit) 08:00:27:23:95:04
[    3.581356] e1000 0000:00:08.0 eth1: Intel(R) PRO/1000 Network Connection
[    3.585916] e1000 0000:00:08.0 enp0s8: renamed from eth1
[    3.587343] mptbase: ioc0: Initiating bringup
[    3.600399] e1000 0000:00:03.0 enp0s3: renamed from eth0
[    3.684565] ioc0: LSI53C1030 A0: Capabilities={Initiator}
[    3.927381] scsi host2: ioc0: LSI53C1030 A0, FwRev=00000000h, Ports=1, MaxQ=256, IRQ=20
[    4.116002] scsi 2:0:0:0: Direct-Access     VBOX     HARDDISK         1.0  PQ: 0 ANSI: 5
[    4.575578] scsi target2:0:0: Beginning Domain Validation
[    4.638640] scsi target2:0:0: Domain Validation skipping write tests
[    4.902416] scsi target2:0:0: Ending Domain Validation
[    4.953655] scsi target2:0:0: asynchronous
[    4.955105] scsi 2:0:1:0: Direct-Access     VBOX     HARDDISK         1.0  PQ: 0 ANSI: 5
[    5.135648] scsi target2:0:1: Beginning Domain Validation
[    5.139746] random: fast init done
[    5.141891] scsi target2:0:1: Domain Validation skipping write tests
[    5.199035] scsi target2:0:1: Ending Domain Validation
[    5.200757] scsi target2:0:1: asynchronous
[    5.206485] random: systemd-udevd: uninitialized urandom read (16 bytes read)
[    5.206648] sd 2:0:0:0: Attached scsi generic sg0 type 0
[    5.208235] random: systemd-udevd: uninitialized urandom read (16 bytes read)
[    5.209967] sd 2:0:1:0: Attached scsi generic sg1 type 0
[    5.236382] random: systemd-udevd: uninitialized urandom read (16 bytes read)
[    5.237743] sd 2:0:0:0: [sda] 20971520 512-byte logical blocks: (10.7 GB/10.0 GiB)
[    5.246094] sd 2:0:0:0: [sda] Write Protect is off
[    5.247055] sd 2:0:1:0: [sdb] 20480 512-byte logical blocks: (10.5 MB/10.0 MiB)
[    5.247148] sd 2:0:0:0: [sda] Incomplete mode parameter data
[    5.255356] sd 2:0:0:0: [sda] Assuming drive cache: write through
[    5.265936] sd 2:0:1:0: [sdb] Write Protect is off
[    5.267275] sd 2:0:1:0: [sdb] Incomplete mode parameter data
[    5.278291]  sda: sda1
[    5.278851] sd 2:0:1:0: [sdb] Assuming drive cache: write through
[    5.280745] sd 2:0:0:0: [sda] Attached SCSI disk
[    5.310871] sd 2:0:1:0: [sdb] Attached SCSI disk
Begin: Loading essential drivers ... [    6.915591] raid6: sse2x1   gen()  6747 MB/s
[    6.985530] raid6: sse2x1   xor()  6442 MB/s
[    7.058745] raid6: sse2x2   gen() 10328 MB/s
[    7.120656] raid6: sse2x2   xor()  6551 MB/s
[    7.176142] raid6: sse2x4   gen() 10926 MB/s
[    7.225536] raid6: sse2x4   xor()  7682 MB/s
[    7.275476] raid6: avx2x1   gen() 18225 MB/s
[    7.324075] raid6: avx2x1   xor() 11156 MB/s
[    7.378716] raid6: avx2x2   gen() 19723 MB/s
[    7.425531] raid6: avx2x2   xor()  9197 MB/s
[    7.475556] raid6: avx2x4   gen() 24261 MB/s
[    7.535499] raid6: avx2x4   xor() 15795 MB/s
[    7.566090] raid6: using algorithm avx2x4 gen() 24261 MB/s
[    7.568102] raid6: .... xor() 15795 MB/s, rmw enabled
[    7.569291] raid6: using avx2x2 recovery algorithm
[    7.571968] xor: automatically using best checksumming function   avx       
[    7.583671] async_tx: api initialized (async)
done.
Begin: Running /scripts/init-premount ... done.
Begin: Mounting root file system ... Begin: Running /scripts/local-top ... done.
Begin: Running /scripts/local-premount ... [    7.640990] Btrfs loaded, crc32c=crc32c-intel
Scanning for Btrfs filesystems
done.
Warning: fsck not present, so skipping root file system
[    7.798812] EXT4-fs (sda1): mounted filesystem with ordered data mode. Opts: (null)
done.
Begin: Running /scripts/local-bottom ... done.
Begin: Running /scripts/init-bottom ... done.
[    9.735079] random: crng init done
[    9.875670] random: 7 urandom warning(s) missed due to ratelimiting
[   10.349464] ip_tables: (C) 2000-2006 Netfilter Core Team
[   10.721035] systemd[1]: systemd 237 running in system mode. (+PAM +AUDIT +SELINUX +IMA +APPARMOR +SMACK +SYSVINIT +UTMP +LIBCRYPTSETUP +GCRYPT +GNUTLS +ACL +XZ +LZ4 +SECCOMP +BLKID +ELFUTILS +KMOD -IDN2 +IDN -PCRE2 default-hierarchy=hybrid)
[   11.648995] systemd[1]: Detected virtualization oracle.
[   11.657474] systemd[1]: Detected architecture x86-64.

Welcome to [1mUbuntu 18.04.4 LTS[0m!

[   11.711105] systemd[1]: Set hostname to <ubuntu-xenial>.
[   15.229619] systemd[1]: Reached target Swap.
[[0;32m  OK  [0m] Reached target Swap.
[   15.773628] systemd[1]: Set up automount Arbitrary Executable File Formats File System Automount Point.
[[0;32m  OK  [0m] Set up automount Arbitrary Executab…rmats File System Automount Point.
[   15.776767] systemd[1]: Reached target User and Group Name Lookups.
[[0;32m  OK  [0m] Reached target User and Group Name Lookups.
[   15.803604] systemd[1]: Reached target System Time Synchronized.
[[0;32m  OK  [0m] Reached target System Time Synchronized.
[   15.942142] systemd[1]: Created slice System Slice.
[[0;32m  OK  [0m] Created slice System Slice.
[   15.944240] systemd[1]: Listening on Journal Audit Socket.
[[0;32m  OK  [0m] Listening on Journal Audit Socket.
[   16.118007] systemd[1]: Listening on Device-mapper event daemon FIFOs.
[[0;32m  OK  [0m] Listening on Device-mapper event daemon FIFOs.
[   16.120552] systemd[1]: Listening on udev Control Socket.
[[0;32m  OK  [0m] Listening on udev Control Socket.
[   16.127914] systemd[1]: Listening on LVM2 poll daemon socket.
[[0;32m  OK  [0m] Listening on LVM2 poll daemon socket.
[   16.132936] systemd[1]: Created slice system-serial\x2dgetty.slice.
[[0;32m  OK  [0m] Created slice system-serial\x2dgetty.slice.
[   16.135047] systemd[1]: Listening on udev Kernel Socket.
[[0;32m  OK  [0m] Listening on udev Kernel Socket.
[[0;32m  OK  [0m] Listening on Syslog Socket.
[[0;32m  OK  [0m] Created slice system-postgresql.slice.
[[0;32m  OK  [0m] Listening on Journal Socket (/dev/log).
[[0;32m  OK  [0m] Listening on /dev/initctl Compatibility Named Pipe.
[[0;32m  OK  [0m] Listening on Journal Socket.
         Starting Uncomplicated firewall...
         Starting Load Kernel Modules...
         Starting Remount Root and Kernel File Systems...
         Starting Create list of required st…ce nodes for the current kernel...
         Starting Journal Service...
         Mounting Huge Pages File System...
         Starting Nameserver information manager...
         Starting Set the console keyboard layout...
         Starting udev Coldplug all Devices...
         Mounting POSIX Message Queue File System...
[[0;32m  OK  [0m] Listening on LVM2 metadata daemon socket.
         Starting Monitoring of LVM2 mirrors…ng dmeventd or progress polling...
         Mounting Kernel Debug File System...
[[0;32m  OK  [0m] Started Forward Password Requests to Wall Directory Watch.
[[0;32m  OK  [0m] Created slice User and Session Slice.
[[0;32m  OK  [0m] Reached target Slices.
[[0;32m  OK  [0m] Started Journal Service.
[[0;32m  OK  [0m] Started Uncomplicated firewall.
[[0;32m  OK  [[   16.662392] EXT4-fs (sda1): re-mounted. Opts: (null)
0m] Started Create list of required sta…vice nodes for the current kernel.
[[0;32m  OK  [0m] Mounted Huge Pages File System.
[[0;32m  OK  [0m] Started Remount Root and Kernel File Systems.
[[0;32m  OK  [0m] Mounted POSIX Message Queue File System.
[[0;32m  OK  [0m] Mounted Kernel Debug File System.
[   16.834902] Loading iSCSI transport class v2.0-870.
[   16.865113] iscsi: registered transport (tcp)
         Starting Load/Save Random Seed...
         Starting Create Static Device Nodes in /dev...
         Starting Flush Journal to Persistent Storage...
[[0;32m  OK  [0m] Started Nameserver information manager.
[[0;32m  OK  [0m] Started udev Coldplug all Devices.
[   17.037662] iscsi: registered transport (iser)
[[0;32m  OK  [0m] Started Load Kernel Modules.
         Mounting FUSE Control File System...
         Mounting Kernel Configuration File System...
         Starting Apply Kernel Variables...
[[0;32m  OK  [0m] Started Load/Save Random Seed.
[[0;32m  OK  [0m] Mounted FUSE Control File System.
[[0;32m  OK  [0m] Mounted Kernel Configuration File System.
[   17.196628] systemd-journald[401]: Received request to flush runtime journal from PID 1
[[0;32m  OK  [0m] Started Apply Kernel Variables.
[[0;32m  OK  [0m] Started Create Static Device Nodes in /dev.
         Starting udev Kernel Device Manager...
[[0;32m  OK  [0m] Started LVM2 metadata daemon.
[[0;32m  OK  [0m] Started Monitoring of LVM2 mirrors,…sing dmeventd or progress polling.
[[0;32m  OK  [0m] Started udev Kernel Device Manager.
[[0;32m  OK  [0m] Found device /dev/ttyS0.
[[0;32m  OK  [0m] Listening on Load/Save RF Kill Switch Status /dev/rfkill Watch.
[   23.908252] snd_intel8x0 0000:00:05.0: measure - unreliable DMA position..
[   24.284256] snd_intel8x0 0000:00:05.0: measure - unreliable DMA position..
[[0;32m  OK  [0m] Found device 82540EM Gigabit Ethern…ler (PRO/1000 MT Desktop Adapter).
[[0;32m  OK  [0m] Started Set the console keyboard layout.
[[0;32m  OK  [0m] Reached target Local File Systems (Pre).
[[0;32m  OK  [0m] Reached target Local File Systems.
         Starting Tell Plymouth To Write Out Runtime Data...
         [   24.666688] snd_intel8x0 0000:00:05.0: measure - unreliable DMA position..
Starting ebtables ruleset management...
         Starting Set console font and keymap...
         Starting AppArmor initialization...
[[0;32m  OK  [0m] Started Dispatch Password Requests to Console Directory Watch.
[[0;32m  OK  [0m] Reached target Local Encrypted Volumes.
[[0;32m  OK  [0m] Started Flush Journal to Persistent Storage.
[[0;32m  OK  [0m] Started Tell Plymouth To Write Out Runtime Data.
[[0;32m  OK  [0m] Started Set console font and keymap.
         Starting Create Volatile Files and Directories...
[[0;32m  OK  [0m] Reached target Sound Card.
[[0;32m  OK  [0m] Started Create Volatile Files and Directories.
         Starting Network Name Resolution...
         Starting Update UTMP about System Boot/Shutdown...
[[0;32m  OK  [0m] Started Update UTMP about System Boot/Shutdown.
[[0;32m  OK  [0m] Started ebtables ruleset management.
[[0;32m  OK  [0m] Started Network Name Resolution.
[[0;32m  OK  [0m] Reached target Host and Network Name Lookups.
[[0;32m  OK  [0m] Started AppArmor initialization.
         Starting Initial cloud-init job (pre-networking)...
[   33.907925] cloud-init[690]: Cloud-init v. 19.4-33-gbb4131a2-0ubuntu1~18.04.1 running 'init-local' at Sat, 29 Feb 2020 16:48:56 +0000. Up 33.23 seconds.
[[0;32m  OK  [0m] Started Initial cloud-init job (pre-networking).
[[0;32m  OK  [0m] Reached target Network (Pre).
[[0;32m  OK  [0m] Started ifup for enp0s3.
         Starting Raise network interfaces...
         Starting Network Time Synchronization...
         Starting Tell Plymouth To Write Out Runtime Data...
         Stopping Network Name Resolution...
[[0;32m  OK  [0m] Started Tell Plymouth To Write Out Runtime Data.
[[0;32m  OK  [0m] Stopped Network Name Resolution.
         Starting Network Name Resolution...
[[0;32m  OK  [0m] Started Network Time Synchronization.
[[0;32m  OK  [0m] Started Network Name Resolution.
[[0;32m  OK  [0m] Started Raise network interfaces.
[[0;32m  OK  [0m] Reached target Network.
         Starting Initial cloud-init job (metadata service crawler)...
[   35.938793] cloud-init[972]: Cloud-init v. 19.4-33-gbb4131a2-0ubuntu1~18.04.1 running 'init' at Sat, 29 Feb 2020 16:48:58 +0000. Up 35.65 seconds.
[   35.982503] cloud-init[972]: ci-info: ++++++++++++++++++++++++++++++++++++++Net device info+++++++++++++++++++++++++++++++++++++++
[   36.004387] cloud-init[972]: ci-info: +--------+-------+----------------------------+---------------+--------+-------------------+
[   36.019223] cloud-init[972]: ci-info: | Device |   Up  |          Address           |      Mask     | Scope  |     Hw-Address    |
[   36.022451] cloud-init[972]: ci-info: +--------+-------+----------------------------+---------------+--------+-------------------+
[   36.033155] cloud-init[972]: ci-info: | enp0s3 |  True |         10.0.2.15          | 255.255.255.0 | global | 02:28:e8:e3:81:d2 |
[   36.042188] cloud-init[972]: ci-info: | enp0s3 |  True | fe80::28:e8ff:fee3:81d2/64 |       .       |  link  | 02:28:e8:e3:81:d2 |
[   36.056160] cloud-init[972]: ci-info: | enp0s8 | False |             .              |       .       |   .    | 08:00:27:23:95:04 |
[   36.083548] cloud-init[972]: ci-info: |   lo   |  True |         127.0.0.1          |   255.0.0.0   |  host  |         .         |
[   36.087124] cloud-init[972]: ci-info: |   lo   |  True |          ::1/128           |       .       |  host  |         .         |
[   36.089992] cloud-init[972]: ci-info: +--------+-------+----------------------------+---------------+--------+-------------------+
[   36.136409] cloud-init[972]: ci-info: +++++++++++++++++++++++++++Route IPv4 info++++++++++++++++++++++++++++
[   36.151500] cloud-init[972]: ci-info: +-------+-------------+----------+---------------+-----------+-------+
[   36.166742] cloud-init[972]: ci-info: | Route | Destination | Gateway  |    Genmask    | Interface | Flags |
[   36.169419] cloud-init[972]: ci-info: +-------+-------------+----------+---------------+-----------+-------+
[   36.187356] cloud-init[972]: ci-info: |   0   |   0.0.0.0   | 10.0.2.2 |    0.0.0.0    |   enp0s3  |   UG  |
[   36.190088] cloud-init[972]: ci-info: |   1   |   10.0.2.0  | 0.0.0.0  | 255.255.255.0 |   enp0s3  |   U   |
[   36.193009] cloud-init[972]: ci-info: +-------+-------------+----------+---------------+-----------+-------+
[   36.230526] cloud-init[972]: ci-info: +++++++++++++++++++Route IPv6 info+++++++++++++++++++
[   36.232020] cloud-init[972]: ci-info: +-------+-------------+---------+-----------+-------+
[   36.233494] cloud-init[972]: ci-info: | Route | Destination | Gateway | Interface | Flags |
[   36.234941] cloud-init[972]: ci-info: +-------+-------------+---------+-----------+-------+
[   36.236398] cloud-init[972]: ci-info: |   1   |  fe80::/64  |    ::   |   enp0s3  |   U   |
[   36.238118] cloud-init[972]: ci-info: |   3   |   ff00::/8  |    ::   |   enp0s3  |   U   |
[   36.240647] cloud-init[972]: ci-info: +-------+-------------+---------+-----------+-------+
[[0;32m  OK  [0m] Started Initial cloud-init job (metadata service crawler).
[[0;32m  OK  [0m] Reached target Cloud-config availability.
[[0;32m  OK  [0m] Reached target Network is Online.
         Starting Availability of block devices...
[[0;32m  OK  [0m] Reached target Remote File Systems (Pre).
[[0;32m  OK  [0m] Reached target Remote File Systems.
[[0;32m  OK  [0m] Reached target System Initialization.
[[0;32m  OK  [0m] Started resolvconf-pull-resolved.path.
[[0;32m  OK  [0m] Started Daily Cleanup of Temporary Directories.
[[0;32m  OK  [0m] Listening on UUID daemon activation socket.
         Starting Socket activation for snappy daemon.
         Starting LXD - unix socket.
[[0;32m  OK  [0m] Listening on D-Bus System Message Bus Socket.
[[0;32m  OK  [0m] Started Daily apt download activities.
[[0;32m  OK  [0m] Started Daily apt upgrade and clean activities.
[[0;32m  OK  [0m] Started Message of the Day.
[[0;32m  OK  [0m] Started Discard unused blocks once a week.
[[0;32m  OK  [0m] Reached target Timers.
[[0;32m  OK  [0m] Listening on Open-iSCSI iscsid Socket.
[[0;32m  OK  [0m] Started ACPI Events Check.
[[0;32m  OK  [0m] Reached target Paths.
[[0;32m  OK  [0m] Listening on ACPID Listen Socket.
[[0;32m  OK  [0m] Started Availability of block devices.
[[0;32m  OK  [0m] Listening on Socket activation for snappy daemon.
[[0;32m  OK  [0m] Listening on LXD - unix socket.
[[0;32m  OK  [0m] Reached target Sockets.
[[0;32m  OK  [0m] Reached target Basic System.
[[0;32m  OK  [0m] Started Regular background program processing daemon.
         Starting Resets System Activity Data Collector...
         Starting LSB: Record successful boot for GRUB...
[[0;32m  OK  [0m] Started irqbalance daemon.
         Starting Dispatcher daemon for systemd-networkd...
[[0;32m  OK  [0m] Started Deferred execution scheduler.
         Starting PostgreSQL Cluster 10-main...
         Starting System Logging Service...
         Starting Thermal Daemon Service...
[[0;32m  OK  [0m] Started FUSE filesystem for LXC.
[[0;32m  OK  [0m] Started Puma HTTP Server.
         Starting Accounts Service...
[[0;32m  OK  [0m] Started D-Bus System Message Bus.
         Starting OpenBSD Secure Shell server...
         Starting LSB: automatic crash report generation...
         Starting Permit User Sessions...
         Starting LXD - container startup/shutdown...
         Starting resolvconf-pull-resolved.service...
         Starting Login Service...
         Starting Snappy daemon...
[[0;32m  OK  [0m] Started System Logging Service.
[[0;32m  OK  [0m] Started Resets System Activity Data Collector.
[[0;32m  OK  [0m] Started Permit User Sessions.
[[0;32m  OK  [0m] Started resolvconf-pull-resolved.service.
[[0;32m  OK  [0m] Started Thermal Daemon Service.
[[0;32m  OK  [0m] Stopped Puma HTTP Server.
[[0;32m  OK  [0m] Started Puma HTTP Server.
         Starting Authorization Manager...
         Starting Hold until boot process finishes up...
         Starting Terminate Plymouth Boot Screen...
[[0;32m  OK  [0m] Started Hold until boot process finishes up.
[[0;32m  OK  [0m] Started Terminate Plymouth Boot Screen.
         Starting Set console scheme...
[[0;32m  OK  [0m] Started Serial Getty on ttyS0.
[[0;32m  OK  [0m] Stopped Puma HTTP Server.
[[0;32m  OK  [0m] Started Puma HTTP Server.
[[0;32m  OK  [0m] Stopped Puma HTTP Server.
[[0;32m  OK  [0m] Started Puma HTTP Server.
[[0;32m  OK  [0m] Started Login Service.
[[0;32m  OK  [0m] Started Unattended Upgrades Shutdown.
[[0;32m  OK  [0m] Started Set console scheme.
[[0;32m  OK  [0m] Created slice system-getty.slice.
[[0;32m  OK  [0m] Started Getty on tty1.
[[0;32m  OK  [0m] Reached target Login Prompts.
[[0;32m  OK  [0m] Stopped Puma HTTP Server.
[[0;32m  OK  [0m] Started Puma HTTP Server.
[[0;32m  OK  [0m] Stopped Puma HTTP Server.
[[0;1;31mFAILED[0m] Failed to start Puma HTTP Server.
See 'systemctl status puma.service' for details.
[[0;32m  OK  [0m] Started LSB: Record successful boot for GRUB.
[[0;32m  OK  [0m] Started LSB: automatic crash report generation.
[[0;32m  OK  [0m] Started Authorization Manager.
[[0;32m  OK  [0m] Started Accounts Service.
[[0;32m  OK  [0m] Started Dispatcher daemon for systemd-networkd.
[[0;32m  OK  [0m] Started OpenBSD Secure Shell server.
[[0;32m  OK  [0m] Created slice User Slice of vagrant.

Ubuntu 18.04.4 LTS ubuntu-xenial ttyS0

ubuntu-xenial login: [   49.972661] cloud-init[1729]: Cloud-init v. 19.4-33-gbb4131a2-0ubuntu1~18.04.1 running 'modules:config' at Sat, 29 Feb 2020 16:49:12 +0000. Up 49.79 seconds.
[   53.381310] cloud-init[1999]: Cloud-init v. 19.4-33-gbb4131a2-0ubuntu1~18.04.1 running 'modules:final' at Sat, 29 Feb 2020 16:49:15 +0000. Up 52.80 seconds.
[   53.381646] cloud-init[1999]: Cloud-init v. 19.4-33-gbb4131a2-0ubuntu1~18.04.1 finished at Sat, 29 Feb 2020 16:49:16 +0000. Datasource DataSourceNoCloud [seed=/dev/sdb][dsmode=net].  Up 53.37 seconds
